<?xml version="1.0" encoding="UTF-8"?>
<!-- Generated by org.testng.reporters.JUnitReportReporter -->
<testsuite skipped="0" hostname="LP-5CD91295VX" name="TestNGPkg.TestNGClass" tests="1" failures="0" timestamp="28 Aug 2019 12:13:05 GMT" time="7.529" errors="0">
  <testcase name="getPatymwebsite" time="7.529" classname="TestNGPkg.TestNGClass"/>
</testsuite> <!-- TestNGPkg.TestNGClass -->
