<?xml version="1.0" encoding="UTF-8"?>
<!-- Generated by org.testng.reporters.JUnitReportReporter -->
<testsuite skipped="0" hostname="LP-5CD91295VX" name="TestNGPkg.TestNgDemo" tests="1" failures="0" timestamp="29 Aug 2019 12:34:35 GMT" time="8.744" errors="0">
  <testcase name="f" time="8.744" classname="TestNGPkg.TestNgDemo"/>
</testsuite> <!-- TestNGPkg.TestNgDemo -->
